Exporter version: 5.4.0, Blender version: 2.78 (sub 0)
========= Conversion from Blender to Babylon.js =========
	Scene settings used:
		selected layers only:  false
		flat shading entire scene:  true
		inline textures:  false
		texture directory:  D:\Babylon JS\Cube(Baked)\files\
	Python World class constructor completed
	processing begun of camera (UniversalCamera):  Active Camera.001
	processing begun of mesh:  road1
		processing begun of Standard material:  Color I03
		processing begun of Standard material:  Material
		processing begun of multimaterial:  Cube_Baked_.Multimaterial#0
		num positions      :  13716
		num normals        :  13716
		num uvs            :  0
		num uvs2           :  0
		num colors         :  0
		num indices        :  13716
	processing begun of mesh:  Bridge1
		processing begun of Standard material:  Bridge
			Diffuse texture found "Texture.023"
				Image texture found, type:  diffuseTexture, mapped using: "Baked"
		num positions      :  2214
		num normals        :  2214
		num uvs            :  4428
		num uvs2           :  4428
		num colors         :  0
		num indices        :  2214
	processing begun of mesh:  Sphere
		processing begun of Standard material:  material01
			Diffuse texture found "Texture.016"
				Image texture found, type:  diffuseTexture, mapped using: "UVMap"
		num positions      :  2160
		num normals        :  2160
		num uvs            :  4320
		num uvs2           :  0
		num colors         :  0
		num indices        :  2160
	processing begun of mesh:  track1
		processing begun of Standard material:  Track1
			Diffuse texture found "Texture.027"
				Image texture found, type:  diffuseTexture, mapped using: "Baked"
		num positions      :  55110
		num normals        :  55110
		num uvs            :  110220
		num uvs2           :  110220
		num colors         :  0
		num indices        :  55110
	processing begun of mesh:  Final
		processing begun of Standard material:  Final
			Diffuse texture found "Texture.024"
				Image texture found, type:  diffuseTexture, mapped using: "Baked"
		num positions      :  47175
		num normals        :  47175
		num uvs            :  94350
		num uvs2           :  94350
		num colors         :  0
		num indices        :  47175
		WARNING: # of 0 area faces found:  2
	processing begun of mesh:  Roadcorn
		processing begun of Standard material:  Roadcorn
			Diffuse texture found "Texture.025"
				Image texture found, type:  diffuseTexture, mapped using: "Baked"
		num positions      :  15102
		num normals        :  15102
		num uvs            :  30204
		num uvs2           :  30204
		num colors         :  0
		num indices        :  15102
	processing begun of mesh:  Portal1.001
		processing begun of baked material:  Portal1.001
			Internal baking texture, type: TEXTURE, mapped using: UVMap
========= An error was encountered =========
  File "C:\Users\Alexander\AppData\Roaming\Blender Foundation\Blender\2.78\scripts\addons\babylon-js\json_exporter.py", line 100, in execute
    mesh = Mesh(object, scene, nextStartFace, forcedParent, nameID, self)
  File "C:\Users\Alexander\AppData\Roaming\Blender Foundation\Blender\2.78\scripts\addons\babylon-js\mesh.py", line 157, in __init__
    bakedMat = BakedMaterial(exporter, object, recipe)
  File "C:\Users\Alexander\AppData\Roaming\Blender Foundation\Blender\2.78\scripts\addons\babylon-js\material.py", line 477, in __init__
    self.bake('diffuseTexture', cycles_type, 'TEXTURE', image, mesh, uvName, exporter, recipe)
  File "C:\Users\Alexander\AppData\Roaming\Blender Foundation\Blender\2.78\scripts\addons\babylon-js\material.py", line 514, in bake
    self.bakeInternal(internal_type, image, uvName, extension)
  File "C:\Users\Alexander\AppData\Roaming\Blender Foundation\Blender\2.78\scripts\addons\babylon-js\material.py", line 543, in bakeInternal
    bpy.ops.object.bake_image()
  File "D:\Blender\2.78\scripts\modules\bpy\ops.py", line 189, in __call__
    ret = op_call(self.idname_py(), None, kw)
ERROR:  Error: No valid images found to bake to

========= end of processing =========
elapsed time:  0 min, 3.4092 secs
