Exporter version: 5.4.0, Blender version: 2.78 (sub 0)
========= Conversion from Blender to Babylon.js =========
	Scene settings used:
		selected layers only:  false
		flat shading entire scene:  true
		inline textures:  false
		texture directory:  D:\Babylon JS\Cube(Baked)\files\
	Python World class constructor completed
	processing begun of camera (UniversalCamera):  Active Camera.001
	processing begun of mesh:  road1
		processing begun of Standard material:  Color I03
		processing begun of Standard material:  Material
		processing begun of multimaterial:  scene.Multimaterial#0
		num positions      :  13716
		num normals        :  13716
		num uvs            :  0
		num uvs2           :  0
		num colors         :  0
		num indices        :  13716
	processing begun of mesh:  Bridge1
		processing begun of Standard material:  Bridge
			Diffuse texture found "Texture.023"
				Image texture found, type:  diffuseTexture, mapped using: "Baked"
		num positions      :  2214
		num normals        :  2214
		num uvs            :  4428
		num uvs2           :  4428
		num colors         :  0
		num indices        :  2214
	processing begun of mesh:  Sphere
		processing begun of Standard material:  material01
			Diffuse texture found "Texture.016"
				Image texture found, type:  diffuseTexture, mapped using: "UVMap"
		num positions      :  2160
		num normals        :  2160
		num uvs            :  4320
		num uvs2           :  0
		num colors         :  0
		num indices        :  2160
	processing begun of mesh:  track1
		processing begun of Standard material:  Track1
			Diffuse texture found "Texture.027"
				Image texture found, type:  diffuseTexture, mapped using: "Baked"
		num positions      :  55110
		num normals        :  55110
		num uvs            :  110220
		num uvs2           :  110220
		num colors         :  0
		num indices        :  55110
	processing begun of mesh:  Final
		processing begun of Standard material:  Final
			Diffuse texture found "Texture.024"
				Image texture found, type:  diffuseTexture, mapped using: "Baked"
		num positions      :  47175
		num normals        :  47175
		num uvs            :  94350
		num uvs2           :  94350
		num colors         :  0
		num indices        :  47175
		WARNING: # of 0 area faces found:  2
	processing begun of mesh:  Roadcorn
		processing begun of Standard material:  Roadcorn
			Diffuse texture found "Texture.025"
				Image texture found, type:  diffuseTexture, mapped using: "Baked"
		num positions      :  15102
		num normals        :  15102
		num uvs            :  30204
		num uvs2           :  30204
		num colors         :  0
		num indices        :  15102
	processing begun of mesh:  Portal2
		processing begun of baked material:  Portal2
			Internal baking texture, type: TEXTURE, mapped using: UVMap
		num positions      :  4542
		num normals        :  4542
		num uvs            :  9084
		num uvs2           :  0
		num colors         :  0
		num indices        :  4542
		WARNING: # of 0 area faces found:  34
	processing begun of mesh:  overflow-right
		processing begun of Standard material:  Baked
			Diffuse texture found "Texture.030"
				Image texture found, type:  diffuseTexture, mapped using: "UVMap"
		num positions      :  117
		num normals        :  117
		num uvs            :  234
		num uvs2           :  234
		num colors         :  0
		num indices        :  117
	processing begun of mesh:  overflow-left
		mesh is an instance of :  overflow-right.  Processing halted.
	processing begun of mesh:  Light1.001
		processing begun of Standard material:  AO1
			Diffuse texture found "Texture.018"
				Image texture found, type:  diffuseTexture, mapped using: "Baked"
		num positions      :  4662
		num normals        :  4662
		num uvs            :  9324
		num uvs2           :  9324
		num colors         :  0
		num indices        :  4662
	processing begun of mesh:  Cube2
		processing begun of Standard material:  Cube1
			Diffuse texture found "Texture.039"
				Image texture found, type:  diffuseTexture, mapped using: "Baked"
		num positions      :  180
		num normals        :  180
		num uvs            :  360
		num uvs2           :  360
		num colors         :  0
		num indices        :  180
	processing begun of mesh:  Cube3
		mesh is an instance of :  Cube2.  Processing halted.
	processing begun of mesh:  Portal1
		mesh is an instance of :  Portal2.  Processing halted.
	processing begun of mesh:  platform1
		processing begun of Standard material:  Platform
			Diffuse texture found "Texture.022"
				Image texture found, type:  diffuseTexture, mapped using: "Baked"
		num positions      :  14556
		num normals        :  14556
		num uvs            :  29112
		num uvs2           :  29112
		num colors         :  0
		num indices        :  14556
	processing begun of mesh:  Stone
		processing begun of Standard material:  Stone
			Diffuse texture found "Texture.033"
				Image texture found, type:  diffuseTexture, mapped using: "Baked"
		num positions      :  2274
		num normals        :  2274
		num uvs            :  4548
		num uvs2           :  4548
		num colors         :  0
		num indices        :  2274
	processing begun of mesh:  Platformroad
		processing begun of Standard material:  Roadplatform
			Diffuse texture found "Texture.029"
				Image texture found, type:  diffuseTexture, mapped using: "Baked"
		num positions      :  14535
		num normals        :  14535
		num uvs            :  29070
		num uvs2           :  29070
		num colors         :  0
		num indices        :  14535
	processing begun of mesh:  Light1
		mesh is an instance of :  Light1.001.  Processing halted.
	processing begun of mesh:  Cube1
		mesh is an instance of :  Cube2.  Processing halted.
	WARNING: The following camera not visible in scene thus ignored: Active Camera
	processing begun of mesh:  Cube
		processing begun of Standard material:  Cube
			Diffuse texture found "Texture.037"
				Image texture found, type:  diffuseTexture, mapped using: "Baked"
		num positions      :  6378
		num normals        :  6378
		num uvs            :  12756
		num uvs2           :  12756
		num colors         :  0
		num indices        :  6378
	processing begun of light (SUN):  Sun
========= Writing of scene file started =========
========= Writing of scene file completed =========
========= end of processing =========
elapsed time:  0 min, 12.8367 secs
