Exporter version: 5.2.0, Blender version: 2.78 (sub 0)
========= Conversion from Blender to Babylon.js =========
	Scene settings used:
		selected layers only:  false
		flat shading entire scene:  false
		inline textures:  false
		texture directory:  D:\Second\Babylon\
	Python World class constructor completed
	processing begun of mesh:  Block2
		WARNING: No materials have been assigned: 
		num positions      :  8
		num normals        :  8
		num uvs            :  0
		num uvs2           :  0
		num colors         :  0
		num indices        :  36
	processing begun of mesh:  Block1
		WARNING: No materials have been assigned: 
		num positions      :  8
		num normals        :  8
		num uvs            :  0
		num uvs2           :  0
		num colors         :  0
		num indices        :  36
	processing begun of mesh:  Checkpoint2
		processing begun of Standard material:  [Metal Seamed]
			Diffuse texture found "Texture.002"
				Image texture found, type:  diffuseTexture, mapped using: "UVMap"
		processing begun of Standard material:  lat1
			Diffuse texture found "Texture.003"
				Image texture found, type:  diffuseTexture, mapped using: "UVMap"
		processing begun of Standard material:  [Polished Concrete New]
			Diffuse texture found "Texture.001"
				Image texture found, type:  diffuseTexture, mapped using: "UVMap"
		processing begun of Standard material:  [Stone Masonry Multi]
			Diffuse texture found "Texture.005"
				Image texture found, type:  diffuseTexture, mapped using: "UVMap"
		processing begun of Standard material:  brick
			Diffuse texture found "Texture.004"
				Image texture found, type:  diffuseTexture, mapped using: "UVMap"
		processing begun of Standard material:  AO.006
		processing begun of Standard material:  Checkpoint
			Diffuse texture found "Texture.024"
				Image texture found, type:  diffuseTexture, mapped using: "UVMap"
		processing begun of multimaterial:  Second.Multimaterial#0
		num positions      :  3618
		num normals        :  3618
		num uvs            :  7236
		num uvs2           :  7236
		num colors         :  0
		num indices        :  4518
		WARNING: # of 0 area faces found:  16
	processing begun of mesh:  Checkpoint1
		mesh is an instance of :  Checkpoint2.  Processing halted.
	processing begun of mesh:  Portalfinish
		registered as also a user of material:  [Metal Seamed]
		registered as also a user of material:  lat1
		registered as also a user of material:  brick
		registered as also a user of material:  [Polished Concrete New]
		registered as also a user of material:  [Stone Masonry Multi]
		processing begun of Standard material:  AO.001
		processing begun of Standard material:  Portalstart
			Diffuse texture found "Texture.006"
				Image texture found, type:  diffuseTexture, mapped using: "Baked"
		processing begun of multimaterial:  Second.Multimaterial#1
		num positions      :  3665
		num normals        :  3665
		num uvs            :  7330
		num uvs2           :  7330
		num colors         :  0
		num indices        :  4542
		WARNING: # of 0 area faces found:  34
	processing begun of mesh:  Portal_start
		mesh is an instance of :  Portalfinish.  Processing halted.
	processing begun of mesh:  Life2
		processing begun of Standard material:  Material
		num positions      :  362
		num normals        :  362
		num uvs            :  0
		num uvs2           :  0
		num colors         :  0
		num indices        :  2160
	processing begun of mesh:  Life1
		mesh is an instance of :  Life2.  Processing halted.
	processing begun of mesh:  Easy4
		mesh is an instance of :  Life2.  Processing halted.
	processing begun of mesh:  Easy3
		mesh is an instance of :  Life2.  Processing halted.
	processing begun of mesh:  Easy2
		mesh is an instance of :  Life2.  Processing halted.
	processing begun of mesh:  Easy1
		mesh is an instance of :  Life2.  Processing halted.
	processing begun of mesh:  Easy6
		mesh is an instance of :  Life2.  Processing halted.
	processing begun of mesh:  Easy7
		mesh is an instance of :  Life2.  Processing halted.
	processing begun of mesh:  Easy5
		mesh is an instance of :  Life2.  Processing halted.
	processing begun of mesh:  Sphere
		registered as also a user of material:  Material
		num positions      :  362
		num normals        :  362
		num uvs            :  0
		num uvs2           :  0
		num colors         :  0
		num indices        :  2160
	processing begun of mesh:  G-Final_Step
		processing begun of Standard material:  Light_metal
			Diffuse texture found "Texture.007"
				Image texture found, type:  diffuseTexture, mapped using: "UVMap"
		processing begun of Standard material:  Light_steel
			Diffuse texture found "Texture.009"
				Image texture found, type:  diffuseTexture, mapped using: "UVMap"
		processing begun of Standard material:  Gaika_metal
			Diffuse texture found "Texture.011"
				Image texture found, type:  diffuseTexture, mapped using: "UVMap"
		processing begun of multimaterial:  Second.Multimaterial#2
		num positions      :  181
		num normals        :  181
		num uvs            :  362
		num uvs2           :  0
		num colors         :  0
		num indices        :  210
	processing begun of mesh:  G-Final_Road
		registered as also a user of material:  Material
		registered as also a user of material:  Light_metal
		registered as also a user of material:  Light_steel
		processing begun of Standard material:  Zamok_metal
			Diffuse texture found "Texture"
				Image texture found, type:  diffuseTexture, mapped using: "UVMap"
		registered as also a user of material:  Gaika_metal
		processing begun of multimaterial:  Second.Multimaterial#3
		num positions      :  3343
		num normals        :  3343
		num uvs            :  6686
		num uvs2           :  0
		num colors         :  0
		num indices        :  4092
	processing begun of mesh:  G-Hill
		registered as also a user of material:  Zamok_metal
		registered as also a user of material:  Material
		processing begun of Standard material:  [Metal Steel Textured White]
			Diffuse texture found "Texture.014"
				Image texture found, type:  diffuseTexture, mapped using: "UVMap"
		processing begun of Standard material:  [Metal Embossed]
			Diffuse texture found "Texture.016"
				Image texture found, type:  diffuseTexture, mapped using: "UVMap"
		processing begun of Standard material:  Moon_Ball
			Diffuse texture found "Texture.017"
				Image texture found, type:  diffuseTexture, mapped using: "UVMap"
		registered as also a user of material:  Light_metal
		processing begun of multimaterial:  Second.Multimaterial#4
		num positions      :  8365
		num normals        :  8365
		num uvs            :  16730
		num uvs2           :  0
		num colors         :  0
		num indices        :  10197
	processing begun of mesh:  G-Second_road
		registered as also a user of material:  Zamok_metal
		processing begun of Standard material:  Metal_road
			Diffuse texture found "Texture.018"
				Image texture found, type:  diffuseTexture, mapped using: "UVMap"
		processing begun of Standard material:  AO.008
		processing begun of Standard material:  Secondroad
			Diffuse texture found "Texture.026"
				Image texture found, type:  diffuseTexture, mapped using: "UVMap"
		processing begun of multimaterial:  Second.Multimaterial#5
		num positions      :  48
		num normals        :  48
		num uvs            :  96
		num uvs2           :  96
		num colors         :  0
		num indices        :  60
	processing begun of mesh:  G-Next_Corner
		registered as also a user of material:  Light_metal
		registered as also a user of material:  Material
		registered as also a user of material:  Zamok_metal
		registered as also a user of material:  Metal_road
		registered as also a user of material:  Gaika_metal
		processing begun of Standard material:  Platform_metal
			Diffuse texture found "Texture.010"
				Image texture found, type:  diffuseTexture, mapped using: "UVMap"
		processing begun of Standard material:  AO.005
		processing begun of Standard material:  Nextcorner
			Diffuse texture found "Texture.023"
				Image texture found, type:  diffuseTexture, mapped using: "UVMap"
		processing begun of multimaterial:  Second.Multimaterial#6
		num positions      :  4818
		num normals        :  4818
		num uvs            :  9636
		num uvs2           :  9636
		num colors         :  0
		num indices        :  5778
	processing begun of mesh:  G-Corner
		registered as also a user of material:  Light_metal
		registered as also a user of material:  Zamok_metal
		registered as also a user of material:  Gaika_metal
		registered as also a user of material:  Platform_metal
		processing begun of Standard material:  AO.004
		processing begun of Standard material:  Corner
			Diffuse texture found "Texture.013"
				Image texture found, type:  diffuseTexture, mapped using: "UVMap"
		processing begun of multimaterial:  Second.Multimaterial#7
		num positions      :  13291
		num normals        :  13291
		num uvs            :  26582
		num uvs2           :  26582
		num colors         :  0
		num indices        :  15969
	processing begun of mesh:  G-Next_road
		registered as also a user of material:  Platform_metal
		registered as also a user of material:  Light_metal
		registered as also a user of material:  Zamok_metal
		registered as also a user of material:  Gaika_metal
		processing begun of Standard material:  AO.003
		processing begun of Standard material:  Nextroad
			Diffuse texture found "Texture.012"
				Image texture found, type:  diffuseTexture, mapped using: "UVMap"
		processing begun of multimaterial:  Second.Multimaterial#8
		num positions      :  4468
		num normals        :  4468
		num uvs            :  8936
		num uvs2           :  8936
		num colors         :  0
		num indices        :  5352
	processing begun of mesh:  G-Long_road
		registered as also a user of material:  Zamok_metal
		processing begun of Standard material:  AO.002
		processing begun of Standard material:  Longroad
			Diffuse texture found "Texture.008"
				Image texture found, type:  diffuseTexture, mapped using: "UVMap"
		processing begun of multimaterial:  Second.Multimaterial#9
		num positions      :  359
		num normals        :  359
		num uvs            :  718
		num uvs2           :  718
		num colors         :  0
		num indices        :  450
	processing begun of mesh:  G-Big_Corner
		registered as also a user of material:  Material
		registered as also a user of material:  Light_metal
		registered as also a user of material:  Light_steel
		registered as also a user of material:  Zamok_metal
		registered as also a user of material:  Gaika_metal
		processing begun of Standard material:  AO
		processing begun of Standard material:  BigCorner
			Diffuse texture found "Texture.027"
				Image texture found, type:  diffuseTexture, mapped using: "UVMap"
		processing begun of multimaterial:  Second.Multimaterial#10
		num positions      :  4408
		num normals        :  4408
		num uvs            :  8816
		num uvs2           :  8816
		num colors         :  0
		num indices        :  5385
	processing begun of mesh:  G-Truba
		processing begun of Standard material:  [Aluminum]
			Diffuse texture found "Texture.015"
				Image texture found, type:  diffuseTexture, mapped using: "UVMap"
		processing begun of Standard material:  Violet_Glass
		processing begun of multimaterial:  Second.Multimaterial#11
		num positions      :  6122
		num normals        :  6122
		num uvs            :  12244
		num uvs2           :  0
		num colors         :  0
		num indices        :  6984
	processing begun of camera (FreeCamera):  Active Camera
	processing begun of mesh:  G-Little_road
		processing begun of Standard material:  Light_steel.001
			Diffuse texture found "Texture.022"
				Image texture found, type:  diffuseTexture, mapped using: "UVMap"
		processing begun of Standard material:  [Metal Steel Textured White].001
			Diffuse texture found "Texture.021"
				Image texture found, type:  diffuseTexture, mapped using: "UVMap"
		processing begun of Standard material:  [Metal Embossed]1.001
			Diffuse texture found "Texture.020"
				Image texture found, type:  diffuseTexture, mapped using: "UVMap"
		processing begun of Standard material:  Standart.001
			Diffuse texture found "Texture.019"
				Image texture found, type:  diffuseTexture, mapped using: "UVMap"
		processing begun of Standard material:  AO.007
		processing begun of Standard material:  Little
			Diffuse texture found "Texture.025"
				Image texture found, type:  diffuseTexture, mapped using: "UVMap"
		processing begun of multimaterial:  Second.Multimaterial#12
		num positions      :  2129
		num normals        :  2129
		num uvs            :  4258
		num uvs2           :  4258
		num colors         :  0
		num indices        :  2544
	processing begun of mesh:  Light1
		processing begun of Standard material:  Material.005
			Diffuse texture found "Texture.031"
				Image texture found, type:  diffuseTexture, mapped using: "UVMap"
		num positions      :  2163
		num normals        :  2163
		num uvs            :  4326
		num uvs2           :  0
		num colors         :  0
		num indices        :  4644
	processing begun of mesh:  Light2
		processing begun of Standard material:  Material.006
			Diffuse texture found "Texture.032"
				Image texture found, type:  diffuseTexture, mapped using: "UVMap"
		num positions      :  2163
		num normals        :  2163
		num uvs            :  4326
		num uvs2           :  0
		num colors         :  0
		num indices        :  4644
	processing begun of mesh:  Light3
		processing begun of Standard material:  Material.003
			Diffuse texture found "Texture.029"
				Image texture found, type:  diffuseTexture, mapped using: "UVMap"
		num positions      :  2163
		num normals        :  2163
		num uvs            :  4326
		num uvs2           :  0
		num colors         :  0
		num indices        :  4644
	processing begun of mesh:  Light4
		processing begun of Standard material:  Material.004
			Diffuse texture found "Texture.030"
				Image texture found, type:  diffuseTexture, mapped using: "UVMap"
		num positions      :  2163
		num normals        :  2163
		num uvs            :  4326
		num uvs2           :  0
		num colors         :  0
		num indices        :  4644
	processing begun of light (SUN):  Sun.001
	processing begun of light (SUN):  Sun
========= Writing of scene file started =========
========= Writing of scene file completed =========
========= end of processing =========
elapsed time:  0 min, 11.5561 secs
