Exporter version: 5.5.0, Blender version: 2.79 (sub 0)
========= Conversion from Blender to Babylon.js =========
	Scene settings used:
		selected layers only:  false
		flat shading entire scene:  false
		inline textures:  false
		texture directory:  Y:\Project\Second\Babylon\2nd\
	Python World class constructor completed
	WARNING: No active camera has been assigned, or is not in a currently selected Blender layer
	processing begun of mesh:  Checkpoint22
		processing begun of Standard material:  [Metal Seamed]
			Diffuse texture found "Texture.002"
				Image texture found, type:  diffuseTexture, mapped using: "Baked"
		processing begun of Standard material:  lat1
			Diffuse texture found "Texture.003"
				Image texture found, type:  diffuseTexture, mapped using: "Baked"
		processing begun of Standard material:  [Polished Concrete New]
			Diffuse texture found "Texture.001"
				Image texture found, type:  diffuseTexture, mapped using: "Baked"
		processing begun of Standard material:  [Stone Masonry Multi]
			Diffuse texture found "Texture.005"
				Image texture found, type:  diffuseTexture, mapped using: "Baked"
		processing begun of Standard material:  brick
			Diffuse texture found "Texture.004"
				Image texture found, type:  diffuseTexture, mapped using: "Baked"
		processing begun of Standard material:  AO.006
		processing begun of Standard material:  Checkpoint
			Diffuse texture found "Texture.024"
				Image texture found, type:  diffuseTexture, mapped using: "Baked"
		processing begun of multimaterial:  _52.Multimaterial#0
		num positions      :  1432
		num normals        :  1432
		num uvs            :  2864
		num uvs2           :  0
		num colors         :  0
		num indices        :  4518
		WARNING: # of 0 area faces found:  16
========= Writing of scene file started =========
========= Writing of scene file completed =========
========= end of processing =========
elapsed time:  0 min, 2.0397 secs
